0 info it worked if it ends with ok
1 verbose cli [ 'node', '/usr/local/bin/npm', 'publish' ]
2 info using npm@1.4.3
3 info using node@v0.10.26
4 verbose publish [ '.' ]
5 verbose cache add [ '.', null ]
6 verbose cache add name=undefined spec="." args=[".",null]
7 verbose parsed url { protocol: null,
7 verbose parsed url   slashes: null,
7 verbose parsed url   auth: null,
7 verbose parsed url   host: null,
7 verbose parsed url   port: null,
7 verbose parsed url   hostname: null,
7 verbose parsed url   hash: null,
7 verbose parsed url   search: null,
7 verbose parsed url   query: null,
7 verbose parsed url   pathname: '.',
7 verbose parsed url   path: '.',
7 verbose parsed url   href: '.' }
8 silly lockFile 3a52ce78- .
9 verbose lock . /Users/craig/.npm/3a52ce78-.lock
10 verbose tar pack [ '/var/folders/n1/r96x64mx6jzcbzkbz1ddrw6r0000gn/T/npm-23219-uA5vNzYW/1401938138907-0.3008869392797351/tmp.tgz',
10 verbose tar pack   '.' ]
11 verbose tarball /var/folders/n1/r96x64mx6jzcbzkbz1ddrw6r0000gn/T/npm-23219-uA5vNzYW/1401938138907-0.3008869392797351/tmp.tgz
12 verbose folder .
13 info prepublish mojo-application@0.0.7
14 silly lockFile 1f1177db-tar tar://.
15 verbose lock tar://. /Users/craig/.npm/1f1177db-tar.lock
16 silly lockFile 867a9d1d-38907-0-3008869392797351-tmp-tgz tar:///var/folders/n1/r96x64mx6jzcbzkbz1ddrw6r0000gn/T/npm-23219-uA5vNzYW/1401938138907-0.3008869392797351/tmp.tgz
17 verbose lock tar:///var/folders/n1/r96x64mx6jzcbzkbz1ddrw6r0000gn/T/npm-23219-uA5vNzYW/1401938138907-0.3008869392797351/tmp.tgz /Users/craig/.npm/867a9d1d-38907-0-3008869392797351-tmp-tgz.lock
18 silly lockFile 1f1177db-tar tar://.
19 silly lockFile 1f1177db-tar tar://.
20 silly lockFile 867a9d1d-38907-0-3008869392797351-tmp-tgz tar:///var/folders/n1/r96x64mx6jzcbzkbz1ddrw6r0000gn/T/npm-23219-uA5vNzYW/1401938138907-0.3008869392797351/tmp.tgz
21 silly lockFile 867a9d1d-38907-0-3008869392797351-tmp-tgz tar:///var/folders/n1/r96x64mx6jzcbzkbz1ddrw6r0000gn/T/npm-23219-uA5vNzYW/1401938138907-0.3008869392797351/tmp.tgz
22 verbose tar unpack /var/folders/n1/r96x64mx6jzcbzkbz1ddrw6r0000gn/T/npm-23219-uA5vNzYW/1401938138907-0.3008869392797351/tmp.tgz
23 silly lockFile 15867d08-38907-0-3008869392797351-package tar:///var/folders/n1/r96x64mx6jzcbzkbz1ddrw6r0000gn/T/npm-23219-uA5vNzYW/1401938138907-0.3008869392797351/package
24 verbose lock tar:///var/folders/n1/r96x64mx6jzcbzkbz1ddrw6r0000gn/T/npm-23219-uA5vNzYW/1401938138907-0.3008869392797351/package /Users/craig/.npm/15867d08-38907-0-3008869392797351-package.lock
25 silly lockFile 867a9d1d-38907-0-3008869392797351-tmp-tgz tar:///var/folders/n1/r96x64mx6jzcbzkbz1ddrw6r0000gn/T/npm-23219-uA5vNzYW/1401938138907-0.3008869392797351/tmp.tgz
26 verbose lock tar:///var/folders/n1/r96x64mx6jzcbzkbz1ddrw6r0000gn/T/npm-23219-uA5vNzYW/1401938138907-0.3008869392797351/tmp.tgz /Users/craig/.npm/867a9d1d-38907-0-3008869392797351-tmp-tgz.lock
27 silly gunzTarPerm modes [ '755', '644' ]
28 silly gunzTarPerm extractEntry package.json
29 silly gunzTarPerm extractEntry .npmignore
30 silly gunzTarPerm extractEntry README.md
31 silly gunzTarPerm extractEntry lib/index.js
32 silly gunzTarPerm extractEntry test/app-test.js
33 silly lockFile 15867d08-38907-0-3008869392797351-package tar:///var/folders/n1/r96x64mx6jzcbzkbz1ddrw6r0000gn/T/npm-23219-uA5vNzYW/1401938138907-0.3008869392797351/package
34 silly lockFile 15867d08-38907-0-3008869392797351-package tar:///var/folders/n1/r96x64mx6jzcbzkbz1ddrw6r0000gn/T/npm-23219-uA5vNzYW/1401938138907-0.3008869392797351/package
35 silly lockFile 867a9d1d-38907-0-3008869392797351-tmp-tgz tar:///var/folders/n1/r96x64mx6jzcbzkbz1ddrw6r0000gn/T/npm-23219-uA5vNzYW/1401938138907-0.3008869392797351/tmp.tgz
36 silly lockFile 867a9d1d-38907-0-3008869392797351-tmp-tgz tar:///var/folders/n1/r96x64mx6jzcbzkbz1ddrw6r0000gn/T/npm-23219-uA5vNzYW/1401938138907-0.3008869392797351/tmp.tgz
37 verbose tar pack [ '/Users/craig/.npm/mojo-application/0.0.7/package.tgz',
37 verbose tar pack   '/var/folders/n1/r96x64mx6jzcbzkbz1ddrw6r0000gn/T/npm-23219-uA5vNzYW/1401938138907-0.3008869392797351/package' ]
38 verbose tarball /Users/craig/.npm/mojo-application/0.0.7/package.tgz
39 verbose folder /var/folders/n1/r96x64mx6jzcbzkbz1ddrw6r0000gn/T/npm-23219-uA5vNzYW/1401938138907-0.3008869392797351/package
40 silly lockFile 15867d08-38907-0-3008869392797351-package tar:///var/folders/n1/r96x64mx6jzcbzkbz1ddrw6r0000gn/T/npm-23219-uA5vNzYW/1401938138907-0.3008869392797351/package
41 verbose lock tar:///var/folders/n1/r96x64mx6jzcbzkbz1ddrw6r0000gn/T/npm-23219-uA5vNzYW/1401938138907-0.3008869392797351/package /Users/craig/.npm/15867d08-38907-0-3008869392797351-package.lock
42 silly lockFile e2ad1811-jo-application-0-0-7-package-tgz tar:///Users/craig/.npm/mojo-application/0.0.7/package.tgz
43 verbose lock tar:///Users/craig/.npm/mojo-application/0.0.7/package.tgz /Users/craig/.npm/e2ad1811-jo-application-0-0-7-package-tgz.lock
44 silly lockFile 15867d08-38907-0-3008869392797351-package tar:///var/folders/n1/r96x64mx6jzcbzkbz1ddrw6r0000gn/T/npm-23219-uA5vNzYW/1401938138907-0.3008869392797351/package
45 silly lockFile 15867d08-38907-0-3008869392797351-package tar:///var/folders/n1/r96x64mx6jzcbzkbz1ddrw6r0000gn/T/npm-23219-uA5vNzYW/1401938138907-0.3008869392797351/package
46 silly lockFile e2ad1811-jo-application-0-0-7-package-tgz tar:///Users/craig/.npm/mojo-application/0.0.7/package.tgz
47 silly lockFile e2ad1811-jo-application-0-0-7-package-tgz tar:///Users/craig/.npm/mojo-application/0.0.7/package.tgz
48 silly lockFile 561bb217-m-mojo-application-0-0-7-package /Users/craig/.npm/mojo-application/0.0.7/package
49 verbose lock /Users/craig/.npm/mojo-application/0.0.7/package /Users/craig/.npm/561bb217-m-mojo-application-0-0-7-package.lock
50 silly lockFile 561bb217-m-mojo-application-0-0-7-package /Users/craig/.npm/mojo-application/0.0.7/package
51 silly lockFile 561bb217-m-mojo-application-0-0-7-package /Users/craig/.npm/mojo-application/0.0.7/package
52 verbose tar unpack /Users/craig/.npm/mojo-application/0.0.7/package.tgz
53 silly lockFile 878d7929-m-mojo-application-0-0-7-package tar:///Users/craig/.npm/mojo-application/0.0.7/package
54 verbose lock tar:///Users/craig/.npm/mojo-application/0.0.7/package /Users/craig/.npm/878d7929-m-mojo-application-0-0-7-package.lock
55 silly lockFile e2ad1811-jo-application-0-0-7-package-tgz tar:///Users/craig/.npm/mojo-application/0.0.7/package.tgz
56 verbose lock tar:///Users/craig/.npm/mojo-application/0.0.7/package.tgz /Users/craig/.npm/e2ad1811-jo-application-0-0-7-package-tgz.lock
57 silly gunzTarPerm modes [ '755', '644' ]
58 silly gunzTarPerm extractEntry package.json
59 silly gunzTarPerm extractEntry .npmignore
60 silly gunzTarPerm extractEntry README.md
61 silly gunzTarPerm extractEntry lib/index.js
62 silly gunzTarPerm extractEntry test/app-test.js
63 silly lockFile 878d7929-m-mojo-application-0-0-7-package tar:///Users/craig/.npm/mojo-application/0.0.7/package
64 silly lockFile 878d7929-m-mojo-application-0-0-7-package tar:///Users/craig/.npm/mojo-application/0.0.7/package
65 silly lockFile e2ad1811-jo-application-0-0-7-package-tgz tar:///Users/craig/.npm/mojo-application/0.0.7/package.tgz
66 silly lockFile e2ad1811-jo-application-0-0-7-package-tgz tar:///Users/craig/.npm/mojo-application/0.0.7/package.tgz
67 verbose chmod /Users/craig/.npm/mojo-application/0.0.7/package.tgz 644
68 verbose chown /Users/craig/.npm/mojo-application/0.0.7/package.tgz [ 501, 20 ]
69 silly lockFile 3a52ce78- .
70 silly lockFile 3a52ce78- .
71 silly publish { name: 'mojo-application',
71 silly publish   version: '0.0.7',
71 silly publish   description: 'mojo-application ================',
71 silly publish   main: './lib/index.js',
71 silly publish   scripts: { test: 'mocha ./test' },
71 silly publish   repository:
71 silly publish    { type: 'git',
71 silly publish      url: 'https://github.com/classdojo/mojo-application' },
71 silly publish   author: '',
71 silly publish   license: 'ISC',
71 silly publish   bugs: { url: 'https://github.com/classdojo/mojo-application/issues' },
71 silly publish   homepage: 'https://github.com/classdojo/mojo-application',
71 silly publish   dependencies:
71 silly publish    { bindable: '0.5.x',
71 silly publish      'expect.js': '0.3.x',
71 silly publish      mocha: '1.20.x',
71 silly publish      nofactor: '0.0.x' },
71 silly publish   readme: 'mojo-application\n================\n',
71 silly publish   readmeFilename: 'README.md',
71 silly publish   _id: 'mojo-application@0.0.7',
71 silly publish   dist: { shasum: '2fa57acbf74d1437599a95d803742185bc3f735c' },
71 silly publish   _from: '.' }
72 verbose url raw mojo-application
73 verbose url resolving [ 'http://registry.npmjs.org/', './mojo-application' ]
74 verbose url resolved http://registry.npmjs.org/mojo-application
75 info trying registry request attempt 1 at 20:15:38
76 http PUT http://registry.npmjs.org/mojo-application
77 http 403 http://registry.npmjs.org/mojo-application
78 error publish Failed PUT 403
79 error Error: forbidden cannot modify pre-existing version: 0.0.7
79 error old={"name":"mojo-application","version":"0.0.7","description":"mojo-application ================","main":"./lib/index.js","scripts":{"test":"mocha ./test"},"repository":{"type":"git","url":"https://github.com/classdojo/mojo-application"},"author":"","license":"ISC","bugs":{"url":"https://github.com/classdojo/mojo-application/issues"},"homepage":"https://github.com/classdojo/mojo-application","dependencies":{"bindable":"0.5.x","expect.js":"0.3.x","mocha":"1.20.x","nofactor":"0.0.x"},"_id":"mojo-application@0.0.7","dist":{"shasum":"f4974f4504e64d46add7938762ccbf81954c76b2","tarball":"http://registry.npmjs.org/mojo-application/-/mojo-application-0.0.7.tgz"},"_from":".","_npmVersion":"1.4.3","_npmUser":{"name":"architectd","email":"craig.j.condon@gmail.com"},"maintainers":[{"name":"architectd","email":"craig.j.condon@gmail.com"}]}
79 error new={"name":"mojo-application","version":"0.0.7","description":"mojo-application ================","main":"./lib/index.js","scripts":{"test":"mocha ./test"},"repository":{"type":"git","url":"https://github.com/classdojo/mojo-application"},"author":"","license":"ISC","bugs":{"url":"https://github.com/classdojo/mojo-application/issues"},"homepage":"https://github.com/classdojo/mojo-application","dependencies":{"bindable":"0.5.x","expect.js":"0.3.x","mocha":"1.20.x","nofactor":"0.0.x"},"readme":"mojo-application\u000a================\u000a","readmeFilename":"README.md","_id":"mojo-application@0.0.7","dist":{"shasum":"2fa57acbf74d1437599a95d803742185bc3f735c","tarball":"http://registry.npmjs.org/mojo-application/-/mojo-application-0.0.7.tgz"},"_from":".","_npmVersion":"1.4.3","_npmUser":{"name":"architectd","email":"craig.j.condon@gmail.com"},"maintainers":[{"name":"architectd","email":"craig.j.condon@gmail.com"}]}: mojo-application
79 error     at RegClient.<anonymous> (/usr/local/lib/node_modules/npm/node_modules/npm-registry-client/lib/request.js:237:14)
79 error     at Request.self.callback (/usr/local/lib/node_modules/npm/node_modules/request/request.js:123:22)
79 error     at Request.EventEmitter.emit (events.js:98:17)
79 error     at Request.<anonymous> (/usr/local/lib/node_modules/npm/node_modules/request/request.js:893:14)
79 error     at Request.EventEmitter.emit (events.js:117:20)
79 error     at IncomingMessage.<anonymous> (/usr/local/lib/node_modules/npm/node_modules/request/request.js:844:12)
79 error     at IncomingMessage.EventEmitter.emit (events.js:117:20)
79 error     at _stream_readable.js:920:16
79 error     at process._tickCallback (node.js:415:13)
80 error If you need help, you may report this *entire* log,
80 error including the npm and node versions, at:
80 error     <http://github.com/npm/npm/issues>
81 error System Darwin 13.2.0
82 error command "node" "/usr/local/bin/npm" "publish"
83 error cwd /Users/craig/Developer/public/mojo-application
84 error node -v v0.10.26
85 error npm -v 1.4.3
86 verbose exit [ 1, true ]
